#
# There is insufficient memory for the Java Runtime Environment to continue.
# Native memory allocation (malloc) failed to allocate 311456 bytes. Error detail: Chunk::new
# Possible reasons:
#   The system is out of physical RAM or swap space
#   This process is running with CompressedOops enabled, and the Java Heap may be blocking the growth of the native heap
# Possible solutions:
#   Reduce memory load on the system
#   Increase physical memory or swap space
#   Check if swap backing store is full
#   Decrease Java heap size (-Xmx/-Xms)
#   Decrease number of Java threads
#   Decrease Java thread stack sizes (-Xss)
#   Set larger code cache with -XX:ReservedCodeCacheSize=
#   JVM is running with Unscaled Compressed Oops mode in which the Java heap is
#     placed in the first 4GB address space. The Java Heap base address is the
#     maximum limit for the native heap growth. Please use -XX:HeapBaseMinAddress
#     to set the Java Heap base and to place the Java Heap above 4GB virtual address.
# This output file may be truncated or incomplete.
#
#  Out of Memory Error (arena.cpp:168), pid=4772, tid=25024
#
# JRE version: OpenJDK Runtime Environment Temurin-21.0.7+6 (21.0.7+6) (build 21.0.7+6-LTS)
# Java VM: OpenJDK 64-Bit Server VM Temurin-21.0.7+6 (21.0.7+6-LTS, mixed mode, sharing, tiered, compressed oops, compressed class ptrs, parallel gc, windows-amd64)
# No core dump will be written. Minidumps are not enabled by default on client versions of Windows
#

---------------  S U M M A R Y ------------

Command Line: --add-modules=ALL-SYSTEM --add-opens=java.base/java.util=ALL-UNNAMED --add-opens=java.base/java.lang=ALL-UNNAMED --add-opens=java.base/sun.nio.fs=ALL-UNNAMED -Declipse.application=org.eclipse.jdt.ls.core.id1 -Dosgi.bundles.defaultStartLevel=4 -Declipse.product=org.eclipse.jdt.ls.core.product -Djava.import.generatesMetadataFilesAtProjectRoot=false -DDetectVMInstallationsJob.disabled=true -Dfile.encoding=utf8 -XX:+UseParallelGC -XX:GCTimeRatio=4 -XX:AdaptiveSizePolicyWeight=90 -Dsun.zip.disableMemoryMapping=true -Xmx1G -Xms100m -Xlog:disable -javaagent:c:\Users\rojas\.vscode\extensions\redhat.java-1.42.0-win32-x64\lombok\lombok-1.18.36.jar -XX:+HeapDumpOnOutOfMemoryError -XX:HeapDumpPath=c:\Users\rojas\AppData\Roaming\Code\User\workspaceStorage\fe6fcd166b32f1030b5e2fcdde27a37a\redhat.java -Daether.dependencyCollector.impl=bf c:\Users\rojas\.vscode\extensions\redhat.java-1.42.0-win32-x64\server\plugins\org.eclipse.equinox.launcher_1.7.0.v20250424-1814.jar -configuration c:\Users\rojas\AppData\Roaming\Code\User\globalStorage\redhat.java\1.42.0\config_win -data c:\Users\rojas\AppData\Roaming\Code\User\workspaceStorage\fe6fcd166b32f1030b5e2fcdde27a37a\redhat.java\jdt_ws --pipe=\\.\pipe\lsp-33c867e752be44d9b9295fe372c80a8c-sock

Host: 11th Gen Intel(R) Core(TM) i5-11400H @ 2.70GHz, 12 cores, 7G,  Windows 11 , 64 bit Build 26100 (10.0.26100.3912)
Time: Sat Jun 14 21:39:17 2025 Hora est. Sudamérica Pacífico elapsed time: 3.222259 seconds (0d 0h 0m 3s)

---------------  T H R E A D  ---------------

Current thread (0x000001d1ee25ac80):  JavaThread "C2 CompilerThread0" daemon [_thread_in_native, id=25024, stack(0x0000006e71000000,0x0000006e71100000) (1024K)]


Current CompileTask:
C2:3222  649       4       lombok.patcher.scripts.MethodLevelPatchScript::patch (21 bytes)

Stack: [0x0000006e71000000,0x0000006e71100000]
Native frames: (J=compiled Java code, j=interpreted, Vv=VM code, C=native code)
V  [jvm.dll+0x6ce119]
V  [jvm.dll+0x8a84a1]
V  [jvm.dll+0x8aa9ce]
V  [jvm.dll+0x8ab0b3]
V  [jvm.dll+0x27f8a6]
V  [jvm.dll+0xc507d]
V  [jvm.dll+0xc55b3]
V  [jvm.dll+0x2f2c6d]
V  [jvm.dll+0x5f6bca]
V  [jvm.dll+0x250cb2]
V  [jvm.dll+0x25106f]
V  [jvm.dll+0x249934]
V  [jvm.dll+0x246fc4]
V  [jvm.dll+0x1c760e]
V  [jvm.dll+0x25695a]
V  [jvm.dll+0x254efa]
V  [jvm.dll+0x3f03f6]
V  [jvm.dll+0x851f6b]
V  [jvm.dll+0x6cc7dd]
C  [ucrtbase.dll+0x37b0]
C  [KERNEL32.DLL+0x2e8d7]
C  [ntdll.dll+0x9c5dc]


---------------  P R O C E S S  ---------------

Threads class SMR info:
_java_thread_list=0x000001d1ef96f3f0, length=11, elements={
0x000001d1d95f0220, 0x000001d1ee249390, 0x000001d1ee24a6e0, 0x000001d1ee2545f0,
0x000001d1ee255040, 0x000001d1ee256ff0, 0x000001d1ee257a40, 0x000001d1ee25ac80,
0x000001d1ef75b160, 0x000001d1ef7df7e0, 0x000001d1ef9806a0
}

Java Threads: ( => current thread )
  0x000001d1d95f0220 JavaThread "main"                              [_thread_in_Java, id=24620, stack(0x0000006e70600000,0x0000006e70700000) (1024K)]
  0x000001d1ee249390 JavaThread "Reference Handler"          daemon [_thread_blocked, id=20760, stack(0x0000006e70a00000,0x0000006e70b00000) (1024K)]
  0x000001d1ee24a6e0 JavaThread "Finalizer"                  daemon [_thread_blocked, id=24960, stack(0x0000006e70b00000,0x0000006e70c00000) (1024K)]
  0x000001d1ee2545f0 JavaThread "Signal Dispatcher"          daemon [_thread_blocked, id=13128, stack(0x0000006e70c00000,0x0000006e70d00000) (1024K)]
  0x000001d1ee255040 JavaThread "Attach Listener"            daemon [_thread_blocked, id=17824, stack(0x0000006e70d00000,0x0000006e70e00000) (1024K)]
  0x000001d1ee256ff0 JavaThread "Service Thread"             daemon [_thread_blocked, id=22144, stack(0x0000006e70e00000,0x0000006e70f00000) (1024K)]
  0x000001d1ee257a40 JavaThread "Monitor Deflation Thread"   daemon [_thread_blocked, id=26732, stack(0x0000006e70f00000,0x0000006e71000000) (1024K)]
=>0x000001d1ee25ac80 JavaThread "C2 CompilerThread0"         daemon [_thread_in_native, id=25024, stack(0x0000006e71000000,0x0000006e71100000) (1024K)]
  0x000001d1ef75b160 JavaThread "C1 CompilerThread0"         daemon [_thread_blocked, id=2792, stack(0x0000006e71100000,0x0000006e71200000) (1024K)]
  0x000001d1ef7df7e0 JavaThread "Common-Cleaner"             daemon [_thread_blocked, id=27248, stack(0x0000006e71200000,0x0000006e71300000) (1024K)]
  0x000001d1ef9806a0 JavaThread "Notification Thread"        daemon [_thread_blocked, id=26404, stack(0x0000006e71300000,0x0000006e71400000) (1024K)]
Total: 11

Other Threads:
  0x000001d1d9685420 VMThread "VM Thread"                           [id=7244, stack(0x0000006e70900000,0x0000006e70a00000) (1024K)]
  0x000001d1d9654880 WatcherThread "VM Periodic Task Thread"        [id=6868, stack(0x0000006e70800000,0x0000006e70900000) (1024K)]
  0x000001d1d96088b0 WorkerThread "GC Thread#0"                     [id=4716, stack(0x0000006e70700000,0x0000006e70800000) (1024K)]
Total: 3

Threads with active compile tasks:
C2 CompilerThread0  3242  649       4       lombok.patcher.scripts.MethodLevelPatchScript::patch (21 bytes)
Total: 1

VM state: not at safepoint (normal execution)

VM Mutex/Monitor currently owned by a thread: None

Heap address: 0x00000000c0000000, size: 1024 MB, Compressed Oops mode: 32-bit

CDS archive(s) mapped at: [0x000001d180000000-0x000001d180ba0000-0x000001d180ba0000), size 12189696, SharedBaseAddress: 0x000001d180000000, ArchiveRelocationMode: 1.
Compressed class space mapped at: 0x000001d181000000-0x000001d1c1000000, reserved size: 1073741824
Narrow klass base: 0x000001d180000000, Narrow klass shift: 0, Narrow klass range: 0x100000000

GC Precious Log:
 CardTable entry size: 512
 CPUs: 12 total, 12 available
 Memory: 7830M
 Large Page Support: Disabled
 NUMA Support: Disabled
 Compressed Oops: Enabled (32-bit)
 Alignments: Space 512K, Generation 512K, Heap 2M
 Heap Min Capacity: 100M
 Heap Initial Capacity: 100M
 Heap Max Capacity: 1G
 Pre-touch: Disabled
 Parallel Workers: 10

Heap:
 PSYoungGen      total 29696K, used 14553K [0x00000000eab00000, 0x00000000ecc00000, 0x0000000100000000)
  eden space 25600K, 56% used [0x00000000eab00000,0x00000000eb9367a8,0x00000000ec400000)
  from space 4096K, 0% used [0x00000000ec800000,0x00000000ec800000,0x00000000ecc00000)
  to   space 4096K, 0% used [0x00000000ec400000,0x00000000ec400000,0x00000000ec800000)
 ParOldGen       total 68608K, used 0K [0x00000000c0000000, 0x00000000c4300000, 0x00000000eab00000)
  object space 68608K, 0% used [0x00000000c0000000,0x00000000c0000000,0x00000000c4300000)
 Metaspace       used 2791K, committed 3008K, reserved 1114112K
  class space    used 281K, committed 384K, reserved 1048576K

Card table byte_map: [0x000001d1ebaf0000,0x000001d1ebd00000] _byte_map_base: 0x000001d1eb4f0000

Marking Bits: (ParMarkBitMap*) 0x00007ffb719a31f0
 Begin Bits: [0x000001d1ebe60000, 0x000001d1ece60000)
 End Bits:   [0x000001d1ece60000, 0x000001d1ede60000)

Polling page: 0x000001d1d7d80000

Metaspace:

Usage:
  Non-class:      2.45 MB used.
      Class:    281.80 KB used.
       Both:      2.73 MB used.

Virtual space:
  Non-class space:       64.00 MB reserved,       2.56 MB (  4%) committed,  1 nodes.
      Class space:        1.00 GB reserved,     384.00 KB ( <1%) committed,  1 nodes.
             Both:        1.06 GB reserved,       2.94 MB ( <1%) committed. 

Chunk freelists:
   Non-Class:  11.65 MB
       Class:  15.67 MB
        Both:  27.32 MB

MaxMetaspaceSize: unlimited
CompressedClassSpaceSize: 1.00 GB
Initial GC threshold: 21.00 MB
Current GC threshold: 21.00 MB
CDS: on
 - commit_granule_bytes: 65536.
 - commit_granule_words: 8192.
 - virtual_space_node_default_size: 8388608.
 - enlarge_chunks_in_place: 1.
 - use_allocation_guard: 0.


Internal statistics:

num_allocs_failed_limit: 0.
num_arena_births: 82.
num_arena_deaths: 0.
num_vsnodes_births: 2.
num_vsnodes_deaths: 0.
num_space_committed: 47.
num_space_uncommitted: 0.
num_chunks_returned_to_freelist: 0.
num_chunks_taken_from_freelist: 104.
num_chunk_merges: 0.
num_chunk_splits: 72.
num_chunks_enlarged: 47.
num_inconsistent_stats: 0.

CodeHeap 'non-profiled nmethods': size=120000Kb used=240Kb max_used=240Kb free=119759Kb
 bounds [0x000001d1e43e0000, 0x000001d1e4650000, 0x000001d1eb910000]
CodeHeap 'profiled nmethods': size=120000Kb used=1063Kb max_used=1063Kb free=118936Kb
 bounds [0x000001d1dc910000, 0x000001d1dcb80000, 0x000001d1e3e40000]
CodeHeap 'non-nmethods': size=5760Kb used=1192Kb max_used=1195Kb free=4568Kb
 bounds [0x000001d1e3e40000, 0x000001d1e40b0000, 0x000001d1e43e0000]
 total_blobs=1145 nmethods=705 adapters=347
 compilation: enabled
              stopped_count=0, restarted_count=0
 full_count=0

Compilation events (20 events):
Event: 1.199 Thread 0x000001d1ef75b160  685       3       jdk.internal.org.objectweb.asm.SymbolTable::addConstantNameAndType (137 bytes)
Event: 1.200 Thread 0x000001d1ef75b160 nmethod 685 0x000001d1dca0bb90 code [0x000001d1dca0be00, 0x000001d1dca0c500]
Event: 1.200 Thread 0x000001d1ef75b160  686       3       jdk.internal.org.objectweb.asm.SymbolTable::hash (15 bytes)
Event: 1.201 Thread 0x000001d1ef75b160 nmethod 686 0x000001d1dca0c910 code [0x000001d1dca0cac0, 0x000001d1dca0cc40]
Event: 1.201 Thread 0x000001d1ef75b160  687       3       jdk.internal.org.objectweb.asm.SymbolTable$Entry::<init> (18 bytes)
Event: 1.201 Thread 0x000001d1ef75b160 nmethod 687 0x000001d1dca0cd90 code [0x000001d1dca0cf40, 0x000001d1dca0d0b8]
Event: 1.202 Thread 0x000001d1ef75b160  688       3       java.lang.invoke.MethodType::erase (8 bytes)
Event: 1.203 Thread 0x000001d1ef75b160 nmethod 688 0x000001d1dca0d190 code [0x000001d1dca0d320, 0x000001d1dca0d450]
Event: 1.203 Thread 0x000001d1ef75b160  689       3       java.lang.invoke.MemberName::getModifiers (8 bytes)
Event: 1.203 Thread 0x000001d1ef75b160 nmethod 689 0x000001d1dca0d510 code [0x000001d1dca0d6a0, 0x000001d1dca0d7b0]
Event: 1.207 Thread 0x000001d1ef75b160  690       3       java.lang.StringUTF16::putChar (54 bytes)
Event: 1.207 Thread 0x000001d1ef75b160 nmethod 690 0x000001d1dca0d810 code [0x000001d1dca0d9c0, 0x000001d1dca0db10]
Event: 1.214 Thread 0x000001d1ef75b160  693       3       java.math.MutableBigInteger::mulsub (110 bytes)
Event: 1.215 Thread 0x000001d1ef75b160 nmethod 693 0x000001d1dca0dc10 code [0x000001d1dca0ddc0, 0x000001d1dca0e080]
Event: 1.215 Thread 0x000001d1ef75b160  694       3       java.math.BigInteger::implMulAdd (81 bytes)
Event: 1.215 Thread 0x000001d1ef75b160 nmethod 694 0x000001d1dca0e210 code [0x000001d1dca0e3c0, 0x000001d1dca0e600]
Event: 1.215 Thread 0x000001d1ef75b160  695       3       java.math.BigInteger::mulAdd (19 bytes)
Event: 1.216 Thread 0x000001d1ef75b160 nmethod 695 0x000001d1dca0e790 code [0x000001d1dca0e940, 0x000001d1dca0ead8]
Event: 1.216 Thread 0x000001d1ef75b160  696       3       java.math.BigInteger::implMulAddCheck (176 bytes)
Event: 3.219 Thread 0x000001d1ef75b160 nmethod 696 0x000001d1dca0eb90 code [0x000001d1dca0efe0, 0x000001d1dca10810]

GC Heap History (0 events):
No events

Dll operation events (8 events):
Event: 0.028 Loaded shared library c:\Users\rojas\.vscode\extensions\redhat.java-1.42.0-win32-x64\jre\21.0.7-win32-x86_64\bin\java.dll
Event: 0.245 Loaded shared library c:\Users\rojas\.vscode\extensions\redhat.java-1.42.0-win32-x64\jre\21.0.7-win32-x86_64\bin\zip.dll
Event: 0.293 Loaded shared library C:\Users\rojas\.vscode\extensions\redhat.java-1.42.0-win32-x64\jre\21.0.7-win32-x86_64\bin\instrument.dll
Event: 0.316 Loaded shared library C:\Users\rojas\.vscode\extensions\redhat.java-1.42.0-win32-x64\jre\21.0.7-win32-x86_64\bin\net.dll
Event: 0.322 Loaded shared library C:\Users\rojas\.vscode\extensions\redhat.java-1.42.0-win32-x64\jre\21.0.7-win32-x86_64\bin\nio.dll
Event: 0.327 Loaded shared library C:\Users\rojas\.vscode\extensions\redhat.java-1.42.0-win32-x64\jre\21.0.7-win32-x86_64\bin\zip.dll
Event: 0.378 Loaded shared library C:\Users\rojas\.vscode\extensions\redhat.java-1.42.0-win32-x64\jre\21.0.7-win32-x86_64\bin\jimage.dll
Event: 0.708 Loaded shared library c:\Users\rojas\.vscode\extensions\redhat.java-1.42.0-win32-x64\jre\21.0.7-win32-x86_64\bin\verify.dll

Deoptimization events (20 events):
Event: 0.959 Thread 0x000001d1d95f0220 DEOPT PACKING pc=0x000001d1dc945d58 sp=0x0000006e706fab90
Event: 0.959 Thread 0x000001d1d95f0220 DEOPT UNPACKING pc=0x000001d1e3e978e2 sp=0x0000006e706fa050 mode 0
Event: 0.968 Thread 0x000001d1d95f0220 DEOPT PACKING pc=0x000001d1dc945d58 sp=0x0000006e706fab90
Event: 0.968 Thread 0x000001d1d95f0220 DEOPT UNPACKING pc=0x000001d1e3e978e2 sp=0x0000006e706fa050 mode 0
Event: 0.970 Thread 0x000001d1d95f0220 DEOPT PACKING pc=0x000001d1dc945c7f sp=0x0000006e706fbf60
Event: 0.970 Thread 0x000001d1d95f0220 DEOPT UNPACKING pc=0x000001d1e3e978e2 sp=0x0000006e706fb410 mode 0
Event: 0.974 Thread 0x000001d1d95f0220 DEOPT PACKING pc=0x000001d1dc945d58 sp=0x0000006e706fbbf0
Event: 0.974 Thread 0x000001d1d95f0220 DEOPT UNPACKING pc=0x000001d1e3e978e2 sp=0x0000006e706fb0b0 mode 0
Event: 1.130 Thread 0x000001d1d95f0220 Uncommon trap: trap_request=0xffffff45 fr.pc=0x000001d1e4411fec relative=0x000000000000014c
Event: 1.130 Thread 0x000001d1d95f0220 Uncommon trap: reason=unstable_if action=reinterpret pc=0x000001d1e4411fec method=jdk.internal.util.ArraysSupport.vectorizedHashCode(Ljava/lang/Object;IIII)I @ 2 c2
Event: 1.130 Thread 0x000001d1d95f0220 DEOPT PACKING pc=0x000001d1e4411fec sp=0x0000006e706fca40
Event: 1.130 Thread 0x000001d1d95f0220 DEOPT UNPACKING pc=0x000001d1e3e96da2 sp=0x0000006e706fc9f0 mode 2
Event: 1.143 Thread 0x000001d1d95f0220 Uncommon trap: trap_request=0xffffff45 fr.pc=0x000001d1e4401f74 relative=0x00000000000000d4
Event: 1.143 Thread 0x000001d1d95f0220 Uncommon trap: reason=unstable_if action=reinterpret pc=0x000001d1e4401f74 method=java.net.URI.match(CJJ)Z @ 45 c2
Event: 1.143 Thread 0x000001d1d95f0220 DEOPT PACKING pc=0x000001d1e4401f74 sp=0x0000006e706fcce0
Event: 1.143 Thread 0x000001d1d95f0220 DEOPT UNPACKING pc=0x000001d1e3e96da2 sp=0x0000006e706fcc48 mode 2
Event: 1.206 Thread 0x000001d1d95f0220 Uncommon trap: trap_request=0xffffff45 fr.pc=0x000001d1e4400b1c relative=0x000000000000017c
Event: 1.206 Thread 0x000001d1d95f0220 Uncommon trap: reason=unstable_if action=reinterpret pc=0x000001d1e4400b1c method=java.lang.StringUTF16.compress([CI[BII)I @ 20 c2
Event: 1.206 Thread 0x000001d1d95f0220 DEOPT PACKING pc=0x000001d1e4400b1c sp=0x0000006e706fb750
Event: 1.206 Thread 0x000001d1d95f0220 DEOPT UNPACKING pc=0x000001d1e3e96da2 sp=0x0000006e706fb6c0 mode 2

Classes loaded (20 events):
Event: 1.209 Loading class sun/security/rsa/RSASignature$SHA256withRSA
Event: 1.209 Loading class sun/security/rsa/RSASignature
Event: 1.210 Loading class sun/security/rsa/RSASignature done
Event: 1.210 Loading class sun/security/rsa/RSASignature$SHA256withRSA done
Event: 1.210 Loading class sun/security/rsa/RSAPrivateKeyImpl
Event: 1.211 Loading class sun/security/pkcs/PKCS8Key
Event: 1.211 Loading class sun/security/util/InternalPrivateKey
Event: 1.211 Loading class sun/security/util/InternalPrivateKey done
Event: 1.211 Loading class sun/security/pkcs/PKCS8Key done
Event: 1.211 Loading class sun/security/rsa/RSAPrivateKeyImpl done
Event: 1.211 Loading class sun/security/rsa/RSAPrivateCrtKeyImpl
Event: 1.211 Loading class java/security/interfaces/RSAPrivateCrtKey
Event: 1.211 Loading class java/security/interfaces/RSAPrivateCrtKey done
Event: 1.212 Loading class sun/security/rsa/RSAPrivateCrtKeyImpl done
Event: 1.212 Loading class sun/security/rsa/RSACore
Event: 1.212 Loading class sun/security/rsa/RSACore done
Event: 1.212 Loading class sun/security/rsa/RSAPadding
Event: 1.212 Loading class sun/security/rsa/RSAPadding done
Event: 1.213 Loading class java/math/MutableBigInteger
Event: 1.213 Loading class java/math/MutableBigInteger done

Classes unloaded (0 events):
No events

Classes redefined (0 events):
No events

Internal exceptions (12 events):
Event: 0.234 Thread 0x000001d1d95f0220 Exception <a 'java/lang/NoSuchMethodError'{0x00000000ead2a5a0}: 'void java.lang.invoke.DirectMethodHandle$Holder.invokeStatic(java.lang.Object, java.lang.Object, java.lang.Object)'> (0x00000000ead2a5a0) 
thrown [s\src\hotspot\share\interpreter\linkResolver.cpp, line 773]
Event: 0.350 Thread 0x000001d1d95f0220 Exception <a 'java/lang/NoSuchMethodError'{0x00000000eae93910}: 'java.lang.Object java.lang.invoke.Invokers$Holder.invokeExact_MT(java.lang.Object, java.lang.Object, java.lang.Object, java.lang.Object, java.lang.Object)'> (0x00000000eae93910) 
thrown [s\src\hotspot\share\interpreter\linkResolver.cpp, line 773]
Event: 0.497 Thread 0x000001d1d95f0220 Exception <a 'java/lang/NoSuchMethodError'{0x00000000eaf4c838}: 'int java.lang.invoke.DirectMethodHandle$Holder.invokeSpecial(java.lang.Object, java.lang.Object, java.lang.Object, int)'> (0x00000000eaf4c838) 
thrown [s\src\hotspot\share\interpreter\linkResolver.cpp, line 773]
Event: 0.506 Thread 0x000001d1d95f0220 Exception <a 'java/lang/NoSuchMethodError'{0x00000000eaf5f220}: 'java.lang.Object java.lang.invoke.DirectMethodHandle$Holder.invokeStatic(java.lang.Object, java.lang.Object, java.lang.Object, java.lang.Object, int)'> (0x00000000eaf5f220) 
thrown [s\src\hotspot\share\interpreter\linkResolver.cpp, line 773]
Event: 0.512 Thread 0x000001d1d95f0220 Exception <a 'java/lang/NoSuchMethodError'{0x00000000eaf6a660}: 'void java.lang.invoke.DelegatingMethodHandle$Holder.reinvoke_L(java.lang.Object, java.lang.Object, java.lang.Object, int, java.lang.Object)'> (0x00000000eaf6a660) 
thrown [s\src\hotspot\share\interpreter\linkResolver.cpp, line 773]
Event: 0.519 Thread 0x000001d1d95f0220 Exception <a 'java/lang/NoSuchMethodError'{0x00000000eaf7afb0}: 'int java.lang.invoke.DirectMethodHandle$Holder.invokeSpecial(java.lang.Object, java.lang.Object, java.lang.Object)'> (0x00000000eaf7afb0) 
thrown [s\src\hotspot\share\interpreter\linkResolver.cpp, line 773]
Event: 0.525 Thread 0x000001d1d95f0220 Exception <a 'java/lang/NoSuchMethodError'{0x00000000eaf86c70}: 'java.lang.Object java.lang.invoke.DirectMethodHandle$Holder.invokeStatic(java.lang.Object, java.lang.Object, int)'> (0x00000000eaf86c70) 
thrown [s\src\hotspot\share\interpreter\linkResolver.cpp, line 773]
Event: 0.526 Thread 0x000001d1d95f0220 Exception <a 'java/lang/NoSuchMethodError'{0x00000000eaf8b5c0}: 'void java.lang.invoke.DirectMethodHandle$Holder.invokeStatic(java.lang.Object, java.lang.Object, int, java.lang.Object)'> (0x00000000eaf8b5c0) 
thrown [s\src\hotspot\share\interpreter\linkResolver.cpp, line 773]
Event: 0.527 Thread 0x000001d1d95f0220 Exception <a 'java/lang/NoSuchMethodError'{0x00000000eaf8f150}: 'void java.lang.invoke.DirectMethodHandle$Holder.invokeSpecial(java.lang.Object, java.lang.Object, java.lang.Object, int, java.lang.Object)'> (0x00000000eaf8f150) 
thrown [s\src\hotspot\share\interpreter\linkResolver.cpp, line 773]
Event: 0.528 Thread 0x000001d1d95f0220 Exception <a 'java/lang/NoSuchMethodError'{0x00000000eaf92808}: 'void java.lang.invoke.DelegatingMethodHandle$Holder.delegate(java.lang.Object, java.lang.Object, int, java.lang.Object)'> (0x00000000eaf92808) 
thrown [s\src\hotspot\share\interpreter\linkResolver.cpp, line 773]
Event: 0.775 Thread 0x000001d1d95f0220 Exception <a 'java/lang/NoSuchMethodError'{0x00000000eb150518}: 'void java.lang.invoke.DelegatingMethodHandle$Holder.reinvoke_L(java.lang.Object, java.lang.Object, java.lang.Object, int)'> (0x00000000eb150518) 
thrown [s\src\hotspot\share\interpreter\linkResolver.cpp, line 773]
Event: 1.080 Thread 0x000001d1d95f0220 Exception <a 'java/lang/NoSuchMethodError'{0x00000000eb5da088}: 'void java.lang.invoke.DirectMethodHandle$Holder.invokeVirtual(java.lang.Object, java.lang.Object)'> (0x00000000eb5da088) 
thrown [s\src\hotspot\share\interpreter\linkResolver.cpp, line 773]

ZGC Phase Switch (0 events):
No events

VM Operations (5 events):
Event: 0.240 Executing VM operation: HandshakeAllThreads (Deoptimize)
Event: 0.240 Executing VM operation: HandshakeAllThreads (Deoptimize) done
Event: 0.416 Executing VM operation: HandshakeAllThreads (Deoptimize)
Event: 0.416 Executing VM operation: HandshakeAllThreads (Deoptimize) done
Event: 1.422 Executing VM operation: Cleanup

Memory protections (0 events):
No events

Nmethod flushes (0 events):
No events

Events (11 events):
Event: 0.116 Thread 0x000001d1d95f0220 Thread added: 0x000001d1d95f0220
Event: 0.156 Thread 0x000001d1d95f0220 Thread added: 0x000001d1ee249390
Event: 0.157 Thread 0x000001d1d95f0220 Thread added: 0x000001d1ee24a6e0
Event: 0.157 Thread 0x000001d1d95f0220 Thread added: 0x000001d1ee2545f0
Event: 0.157 Thread 0x000001d1d95f0220 Thread added: 0x000001d1ee255040
Event: 0.157 Thread 0x000001d1d95f0220 Thread added: 0x000001d1ee256ff0
Event: 0.157 Thread 0x000001d1d95f0220 Thread added: 0x000001d1ee257a40
Event: 0.157 Thread 0x000001d1d95f0220 Thread added: 0x000001d1ee25ac80
Event: 0.165 Thread 0x000001d1d95f0220 Thread added: 0x000001d1ef75b160
Event: 0.216 Thread 0x000001d1d95f0220 Thread added: 0x000001d1ef7df7e0
Event: 0.942 Thread 0x000001d1d95f0220 Thread added: 0x000001d1ef9806a0


Dynamic libraries:
0x00007ff763d30000 - 0x00007ff763d3e000 	c:\Users\rojas\.vscode\extensions\redhat.java-1.42.0-win32-x64\jre\21.0.7-win32-x86_64\bin\java.exe
0x00007ffc149a0000 - 0x00007ffc14c06000 	C:\WINDOWS\SYSTEM32\ntdll.dll
0x00007ffc13fc0000 - 0x00007ffc14089000 	C:\WINDOWS\System32\KERNEL32.DLL
0x00007ffc11df0000 - 0x00007ffc121bc000 	C:\WINDOWS\System32\KERNELBASE.dll
0x00007ffc0e530000 - 0x00007ffc0e5ce000 	C:\WINDOWS\SYSTEM32\apphelp.dll
0x00007ffc12270000 - 0x00007ffc123bb000 	C:\WINDOWS\System32\ucrtbase.dll
0x00007ffbf3ea0000 - 0x00007ffbf3ebe000 	c:\Users\rojas\.vscode\extensions\redhat.java-1.42.0-win32-x64\jre\21.0.7-win32-x86_64\bin\VCRUNTIME140.dll
0x00007ffbf23a0000 - 0x00007ffbf23b8000 	c:\Users\rojas\.vscode\extensions\redhat.java-1.42.0-win32-x64\jre\21.0.7-win32-x86_64\bin\jli.dll
0x00007ffc142d0000 - 0x00007ffc1449a000 	C:\WINDOWS\System32\USER32.dll
0x00007ffbefbb0000 - 0x00007ffbefe4a000 	C:\WINDOWS\WinSxS\amd64_microsoft.windows.common-controls_6595b64144ccf1df_6.0.26100.3912_none_3e07963ce335137e\COMCTL32.dll
0x00007ffc11dc0000 - 0x00007ffc11de7000 	C:\WINDOWS\System32\win32u.dll
0x00007ffc13d60000 - 0x00007ffc13e09000 	C:\WINDOWS\System32\msvcrt.dll
0x00007ffc140a0000 - 0x00007ffc140cb000 	C:\WINDOWS\System32\GDI32.dll
0x00007ffc11c80000 - 0x00007ffc11db2000 	C:\WINDOWS\System32\gdi32full.dll
0x00007ffc121c0000 - 0x00007ffc12263000 	C:\WINDOWS\System32\msvcp_win.dll
0x00007ffc13e90000 - 0x00007ffc13ec0000 	C:\WINDOWS\System32\IMM32.DLL
0x00007ffc0e440000 - 0x00007ffc0e44c000 	c:\Users\rojas\.vscode\extensions\redhat.java-1.42.0-win32-x64\jre\21.0.7-win32-x86_64\bin\vcruntime140_1.dll
0x00007ffbbc0d0000 - 0x00007ffbbc15d000 	c:\Users\rojas\.vscode\extensions\redhat.java-1.42.0-win32-x64\jre\21.0.7-win32-x86_64\bin\msvcp140.dll
0x00007ffb70cf0000 - 0x00007ffb71a80000 	c:\Users\rojas\.vscode\extensions\redhat.java-1.42.0-win32-x64\jre\21.0.7-win32-x86_64\bin\server\jvm.dll
0x00007ffc145c0000 - 0x00007ffc14672000 	C:\WINDOWS\System32\ADVAPI32.dll
0x00007ffc12e90000 - 0x00007ffc12f36000 	C:\WINDOWS\System32\sechost.dll
0x00007ffc131b0000 - 0x00007ffc132c6000 	C:\WINDOWS\System32\RPCRT4.dll
0x00007ffc13e10000 - 0x00007ffc13e84000 	C:\WINDOWS\System32\WS2_32.dll
0x00007ffc11480000 - 0x00007ffc114de000 	C:\WINDOWS\SYSTEM32\POWRPROF.dll
0x00007ffc07f90000 - 0x00007ffc07fc6000 	C:\WINDOWS\SYSTEM32\WINMM.dll
0x00007ffc03450000 - 0x00007ffc0345b000 	C:\WINDOWS\SYSTEM32\VERSION.dll
0x00007ffc11460000 - 0x00007ffc11474000 	C:\WINDOWS\SYSTEM32\UMPDC.dll
0x00007ffc108c0000 - 0x00007ffc108da000 	C:\WINDOWS\SYSTEM32\kernel.appcore.dll
0x00007ffbf4390000 - 0x00007ffbf439a000 	c:\Users\rojas\.vscode\extensions\redhat.java-1.42.0-win32-x64\jre\21.0.7-win32-x86_64\bin\jimage.dll
0x00007ffc0f2a0000 - 0x00007ffc0f4e1000 	C:\WINDOWS\SYSTEM32\DBGHELP.DLL
0x00007ffc13950000 - 0x00007ffc13cd4000 	C:\WINDOWS\System32\combase.dll
0x00007ffc13ed0000 - 0x00007ffc13fb0000 	C:\WINDOWS\System32\OLEAUT32.dll
0x00007ffbebe80000 - 0x00007ffbebeb9000 	C:\WINDOWS\SYSTEM32\dbgcore.DLL
0x00007ffc123c0000 - 0x00007ffc12459000 	C:\WINDOWS\System32\bcryptPrimitives.dll
0x00007ffbf2dd0000 - 0x00007ffbf2ddf000 	c:\Users\rojas\.vscode\extensions\redhat.java-1.42.0-win32-x64\jre\21.0.7-win32-x86_64\bin\instrument.dll
0x00007ffbf2490000 - 0x00007ffbf24af000 	c:\Users\rojas\.vscode\extensions\redhat.java-1.42.0-win32-x64\jre\21.0.7-win32-x86_64\bin\java.dll
0x00007ffc12760000 - 0x00007ffc12e8d000 	C:\WINDOWS\System32\SHELL32.dll
0x00007ffc12460000 - 0x00007ffc125d4000 	C:\WINDOWS\System32\wintypes.dll
0x00007ffc0f780000 - 0x00007ffc0ffd6000 	C:\WINDOWS\SYSTEM32\windows.storage.dll
0x00007ffc14160000 - 0x00007ffc1424f000 	C:\WINDOWS\System32\SHCORE.dll
0x00007ffc14260000 - 0x00007ffc142c9000 	C:\WINDOWS\System32\shlwapi.dll
0x00007ffc11a40000 - 0x00007ffc11a6f000 	C:\WINDOWS\SYSTEM32\profapi.dll
0x00007ffbf2470000 - 0x00007ffbf2488000 	c:\Users\rojas\.vscode\extensions\redhat.java-1.42.0-win32-x64\jre\21.0.7-win32-x86_64\bin\zip.dll
0x00007ffbf2dc0000 - 0x00007ffbf2dd0000 	C:\Users\rojas\.vscode\extensions\redhat.java-1.42.0-win32-x64\jre\21.0.7-win32-x86_64\bin\net.dll
0x00007ffc0a730000 - 0x00007ffc0a84e000 	C:\WINDOWS\SYSTEM32\WINHTTP.dll
0x00007ffc10e40000 - 0x00007ffc10eaa000 	C:\WINDOWS\system32\mswsock.dll
0x00007ffbf22c0000 - 0x00007ffbf22d6000 	C:\Users\rojas\.vscode\extensions\redhat.java-1.42.0-win32-x64\jre\21.0.7-win32-x86_64\bin\nio.dll
0x00007ffbf2ba0000 - 0x00007ffbf2bb0000 	c:\Users\rojas\.vscode\extensions\redhat.java-1.42.0-win32-x64\jre\21.0.7-win32-x86_64\bin\verify.dll

dbghelp: loaded successfully - version: 4.0.5 - missing functions: none
symbol engine: initialized successfully - sym options: 0x614 - pdb path: .;c:\Users\rojas\.vscode\extensions\redhat.java-1.42.0-win32-x64\jre\21.0.7-win32-x86_64\bin;C:\WINDOWS\SYSTEM32;C:\WINDOWS\WinSxS\amd64_microsoft.windows.common-controls_6595b64144ccf1df_6.0.26100.3912_none_3e07963ce335137e;c:\Users\rojas\.vscode\extensions\redhat.java-1.42.0-win32-x64\jre\21.0.7-win32-x86_64\bin\server

VM Arguments:
jvm_args: --add-modules=ALL-SYSTEM --add-opens=java.base/java.util=ALL-UNNAMED --add-opens=java.base/java.lang=ALL-UNNAMED --add-opens=java.base/sun.nio.fs=ALL-UNNAMED -Declipse.application=org.eclipse.jdt.ls.core.id1 -Dosgi.bundles.defaultStartLevel=4 -Declipse.product=org.eclipse.jdt.ls.core.product -Djava.import.generatesMetadataFilesAtProjectRoot=false -DDetectVMInstallationsJob.disabled=true -Dfile.encoding=utf8 -XX:+UseParallelGC -XX:GCTimeRatio=4 -XX:AdaptiveSizePolicyWeight=90 -Dsun.zip.disableMemoryMapping=true -Xmx1G -Xms100m -Xlog:disable -javaagent:c:\Users\rojas\.vscode\extensions\redhat.java-1.42.0-win32-x64\lombok\lombok-1.18.36.jar -XX:+HeapDumpOnOutOfMemoryError -XX:HeapDumpPath=c:\Users\rojas\AppData\Roaming\Code\User\workspaceStorage\fe6fcd166b32f1030b5e2fcdde27a37a\redhat.java -Daether.dependencyCollector.impl=bf 
java_command: c:\Users\rojas\.vscode\extensions\redhat.java-1.42.0-win32-x64\server\plugins\org.eclipse.equinox.launcher_1.7.0.v20250424-1814.jar -configuration c:\Users\rojas\AppData\Roaming\Code\User\globalStorage\redhat.java\1.42.0\config_win -data c:\Users\rojas\AppData\Roaming\Code\User\workspaceStorage\fe6fcd166b32f1030b5e2fcdde27a37a\redhat.java\jdt_ws --pipe=\\.\pipe\lsp-33c867e752be44d9b9295fe372c80a8c-sock
java_class_path (initial): c:\Users\rojas\.vscode\extensions\redhat.java-1.42.0-win32-x64\server\plugins\org.eclipse.equinox.launcher_1.7.0.v20250424-1814.jar
Launcher Type: SUN_STANDARD

[Global flags]
    uintx AdaptiveSizePolicyWeight                 = 90                                        {product} {command line}
     intx CICompilerCount                          = 4                                         {product} {ergonomic}
    uintx GCTimeRatio                              = 4                                         {product} {command line}
     bool HeapDumpOnOutOfMemoryError               = true                                   {manageable} {command line}
    ccstr HeapDumpPath                             = c:\Users\rojas\AppData\Roaming\Code\User\workspaceStorage\fe6fcd166b32f1030b5e2fcdde27a37a\redhat.java         {manageable} {command line}
   size_t InitialHeapSize                          = 104857600                                 {product} {command line}
   size_t MaxHeapSize                              = 1073741824                                {product} {command line}
   size_t MaxNewSize                               = 357564416                                 {product} {ergonomic}
   size_t MinHeapDeltaBytes                        = 524288                                    {product} {ergonomic}
   size_t MinHeapSize                              = 104857600                                 {product} {command line}
   size_t NewSize                                  = 34603008                                  {product} {ergonomic}
    uintx NonNMethodCodeHeapSize                   = 5839372                                {pd product} {ergonomic}
    uintx NonProfiledCodeHeapSize                  = 122909434                              {pd product} {ergonomic}
   size_t OldSize                                  = 70254592                                  {product} {ergonomic}
    uintx ProfiledCodeHeapSize                     = 122909434                              {pd product} {ergonomic}
    uintx ReservedCodeCacheSize                    = 251658240                              {pd product} {ergonomic}
     bool SegmentedCodeCache                       = true                                      {product} {ergonomic}
   size_t SoftMaxHeapSize                          = 1073741824                             {manageable} {ergonomic}
     bool UseCompressedOops                        = true                           {product lp64_product} {ergonomic}
     bool UseLargePagesIndividualAllocation        = false                                  {pd product} {ergonomic}
     bool UseParallelGC                            = true                                      {product} {command line}

Logging:
Log output configuration:
 #0: stdout all=off uptime,level,tags foldmultilines=false
 #1: stderr all=off uptime,level,tags foldmultilines=false

Environment Variables:
JAVA_HOME=C:\Program Files\Java\jre-1.8
PATH=C:\Python313\Scripts\;C:\Python313\;C:\Program Files\Common Files\Oracle\Java\javapath;C:\Program Files (x86)\Common Files\Oracle\Java\java8path;C:\Program Files (x86)\Common Files\Oracle\Java\javapath;C:\WINDOWS.X64_193000_db_home\bin;C:\windows\system32;C:\windows;C:\windows\System32\Wbem;C:\windows\System32\WindowsPowerShell\v1.0\;C:\windows\System32\OpenSSH\;C:\Program Files (x86)\NVIDIA Corporation\PhysX\Common;C:\Program Files\NVIDIA Corporation\NVIDIA NvDLISR;C:\WINDOWS\system32;C:\WINDOWS;C:\WINDOWS\System32\Wbem;C:\WINDOWS\System32\WindowsPowerShell\v1.0\;C:\WINDOWS\System32\OpenSSH\;C:\Program Files\HP\HP One Agent;C:\Program Files\Java\jre-1.8\bin;%M2_HOME%\bin;C:\WINDOWS.X64_193000_db_home\network\admin;C:\Program Files\dotnet\;C:\Program Files\Microsoft SQL Server\150\Tools\Binn\;C:\Program Files\Microsoft SQL Server\Client SDK\ODBC\170\Tools\Binn\;C:\WINDOWS\system32;C:\WINDOWS;C:\WINDOWS\System32\Wbem;C:\WINDOWS\System32\WindowsPowerShell\v1.0\;C:\WINDOWS\System32\OpenSSH\;C:\Program Files (x86)\Microsoft SQL Server\160\Tools\Binn\;C:\Program Files\Microsoft SQL Server\160\Tools\Binn\;C:\Program Files\Microsoft SQL Server\160\DTS\Binn\;C:\Program Files\nodejs\;C:\ProgramData\chocolatey\bin;C:\Program Files (x86)\Microsoft SQL Server\160\DTS\Binn\;C:\Program Files\Git\cmd;C:\Users\rojas\AppData\Roaming\Python\Python313\site-packages\django\contrib\admin;C:\instantclient-basic-windows.x64-23.5.0.24.07\instantclient_23_5;C:\Users\rojas\AppData\Local\Microsoft\WindowsApps;C:\Users\rojas\AppData\Local\Programs\Microsoft VS Code\bin;C:\Program Files\JetBrains\IntelliJ IDEA Community Edition 2024.3.1.1\bin;C:\Users\rojas\AppData\Local\reflex\bun\bin;C:\Users\rojas\AppData\Local\GitHubDesktop\bin;C:\Users\rojas\.dotnet\tools;C:\Users\rojas\AppData\Roaming\npm;C:\Program Files\MongoDB\mongosh\
USERNAME=rojas
OS=Windows_NT
PROCESSOR_IDENTIFIER=Intel64 Family 6 Model 141 Stepping 1, GenuineIntel
TMP=C:\Users\rojas\AppData\Local\Temp
TEMP=C:\Users\rojas\AppData\Local\Temp




Periodic native trim disabled

---------------  S Y S T E M  ---------------

OS:
 Windows 11 , 64 bit Build 26100 (10.0.26100.3912)
OS uptime: 5 days 1:00 hours
Hyper-V role detected

CPU: total 12 (initial active 12) (6 cores per cpu, 2 threads per core) family 6 model 141 stepping 1 microcode 0x4e, cx8, cmov, fxsr, ht, mmx, 3dnowpref, sse, sse2, sse3, ssse3, sse4.1, sse4.2, popcnt, lzcnt, tsc, tscinvbit, avx, avx2, aes, erms, clmul, bmi1, bmi2, adx, avx512f, avx512dq, avx512cd, avx512bw, avx512vl, sha, fma, vzeroupper, avx512_vpopcntdq, avx512_vpclmulqdq, avx512_vaes, avx512_vnni, clflush, clflushopt, clwb, avx512_vbmi2, avx512_vbmi, hv, rdtscp, rdpid, fsrm, gfni, avx512_bitalg, f16c, cet_ibt, cet_ss, avx512_ifma
Processor Information for the first 12 processors :
  Max Mhz: 2688, Current Mhz: 2688, Mhz Limit: 2688

Memory: 4k page, system-wide physical 7830M (212M free)
TotalPageFile size 31382M (AvailPageFile size 0M)
current process WorkingSet (physical memory assigned to process): 60M, peak: 60M
current process commit charge ("private bytes"): 201M, peak: 201M

vm_info: OpenJDK 64-Bit Server VM (21.0.7+6-LTS) for windows-amd64 JRE (21.0.7+6-LTS), built on 2025-04-15T00:00:00Z by "admin" with MS VC++ 17.7 (VS2022)

END.
